{"name":"test03","id":"com.bestbuyapi.storesinfo.StoresCURDTestWithSteps:test03","testCaseName":"com.bestbuyapi.storesinfo.StoresCURDTestWithSteps","testSteps":[{"number":1,"description":"Updating store with name: 0, type: Robson Store, address: Store, address2: 70429, Robson road, city: Harrow,state: London, zip: London","duration":2257,"startTime":"2022-06-07T09:54:30.123+01:00[Europe/London]","result":"SUCCESS","precondition":false,"children":[{"number":2,"description":"PUT http://localhost:3030/stores/0\r\r","duration":0,"startTime":"2022-06-07T09:54:32.364+01:00[Europe/London]","result":"SUCCESS","restQuery":{"method":"PUT","path":"http://localhost:3030/stores/0\r\r","content":"{\n    \"name\": \"Robson Store\",\n    \"type\": \"Store\",\n    \"address\": \"70429, Robson road\",\n    \"address2\": \"Harrow\",\n    \"city\": \"London\",\n    \"state\": \"London\",\n    \"zip\": \"HA7 6YH\"\n}\r","contentType":"application/json","requestHeaders":"Accept\u003d*/*\r\n\t\t\t\tContent-Type\u003dapplication/json; charset\u003dUTF-8\r\r","requestCookies":"\r\r","responseHeaders":"X-Powered-By: Express\nAccess-Control-Allow-Origin: *\nAllow: GET,POST,PUT,PATCH,DELETE\nContent-Type: application/json; charset\u003dutf-8\nContent-Length: 105\nETag: W/\"69-I0u8sy7zuJnokbXHOiDmc8NAyAg\"\nVary: Accept-Encoding\nDate: Tue, 07 Jun 2022 08:54:32 GMT\nConnection: keep-alive\r","responseCookies":"\r","responseBody":"{\n    \"name\": \"NotFound\",\n    \"message\": \"No record found for id \u00270\u0027\",\n    \"code\": 404,\n    \"className\": \"not-found\",\n    \"errors\": {\n        \n    }\n}","statusCode":404},"precondition":false}]}],"userStory":{"id":"com.bestbuyapi.storesinfo.StoresCURDTestWithSteps","storyName":"Stores CURD test with steps","storyClassName":"com.bestbuyapi.storesinfo.StoresCURDTestWithSteps","path":"com.bestbuyapi.storesinfo","type":"story"},"featureTag":{"name":"Storesinfo/Stores CURD test with steps","type":"story"},"title":"Update the store information and verify the updated information","tags":[{"name":"Storesinfo/Stores CURD test with steps","type":"story"}],"startTime":"2022-06-07T09:54:30.044+01:00[Europe/London]","duration":2384,"testFailureCause":{"errorType":"java.lang.AssertionError","message":"1 expectation failed.\nExpected status code \u003c200\u003e but was \u003c404\u003e.\n","stackTrace":[{"declaringClass":"io.restassured.internal.ResponseSpecificationImpl","methodName":"validateResponseIfRequired","fileName":"ResponseSpecificationImpl.groovy","lineNumber":636},{"declaringClass":"io.restassured.internal.ResponseSpecificationImpl","methodName":"statusCode","fileName":"ResponseSpecificationImpl.groovy","lineNumber":122},{"declaringClass":"io.restassured.internal.ResponseSpecificationImpl","methodName":"statusCode","fileName":"ResponseSpecificationImpl.groovy","lineNumber":130},{"declaringClass":"io.restassured.internal.ValidatableResponseOptionsImpl","methodName":"statusCode","fileName":"ValidatableResponseOptionsImpl.java","lineNumber":117},{"declaringClass":"com.bestbuyapi.storesinfo.StoresCURDTestWithSteps","methodName":"test03","fileName":"StoresCURDTestWithSteps.java","lineNumber":57}]},"testFailureClassname":"java.lang.AssertionError","testFailureMessage":"1 expectation failed.\nExpected status code \u003c200\u003e but was \u003c404\u003e.\n","testFailureSummary":"FAILURE;java.lang.AssertionError;1 expectation failed.\nExpected status code \u003c200\u003e but was \u003c404\u003e.\n;ResponseSpecificationImpl.groovy","projectKey":"","annotatedResult":"FAILURE","manual":false,"testSource":"JUnit","result":"FAILURE"}