<?xml version="1.0" encoding="UTF-8"?><testsuite errors="0" failures="1" name="com.bestbuyapi.servicesinfo.ServicesCURDTestWithSteps" skipped="0" tests="1" time="2.5" timestamp="2022-06-07T09:53:18.952+01:00[Europe/London]"><testcase classname="com.bestbuyapi.servicesinfo.ServicesCURDTestWithSteps" name="Update the service information and verify the updated information"><failure message="1 expectation failed.&#10;Expected status code &lt;200&gt; but was &lt;404&gt;.&#10;" type="java.lang.AssertionError">1 expectation failed.
Expected status code &lt;200&gt; but was &lt;404&gt;.
</failure><system-err>1 expectation failed.
Expected status code &lt;200&gt; but was &lt;404&gt;.
&#13;
io.restassured.internal.ResponseSpecificationImpl.validateResponseIfRequired(ResponseSpecificationImpl.groovy:636)&#13;
io.restassured.internal.ResponseSpecificationImpl.statusCode(ResponseSpecificationImpl.groovy:122)&#13;
io.restassured.internal.ResponseSpecificationImpl.statusCode(ResponseSpecificationImpl.groovy:130)&#13;
io.restassured.internal.ValidatableResponseOptionsImpl.statusCode(ValidatableResponseOptionsImpl.java:117)&#13;
com.bestbuyapi.servicesinfo.ServicesCURDTestWithSteps.test03(ServicesCURDTestWithSteps.java:45)&#13;
</system-err></testcase></testsuite>