<?xml version="1.0" encoding="UTF-8"?><testsuite errors="0" failures="1" name="com.bestbuyapi.productsinfo.ProductsCURDTestWithSteps" skipped="0" tests="1" time="2.16" timestamp="2022-06-07T09:51:47.995+01:00[Europe/London]"><testcase classname="com.bestbuyapi.productsinfo.ProductsCURDTestWithSteps" name="Delete the product and verify if the product is deleted!"><failure message="1 expectation failed.&#10;Expected status code &lt;200&gt; but was &lt;404&gt;.&#10;" type="java.lang.AssertionError">1 expectation failed.
Expected status code &lt;200&gt; but was &lt;404&gt;.
</failure><system-err>1 expectation failed.
Expected status code &lt;200&gt; but was &lt;404&gt;.
&#13;
io.restassured.internal.ResponseSpecificationImpl.validateResponseIfRequired(ResponseSpecificationImpl.groovy:636)&#13;
io.restassured.internal.ResponseSpecificationImpl.statusCode(ResponseSpecificationImpl.groovy:122)&#13;
io.restassured.internal.ResponseSpecificationImpl.statusCode(ResponseSpecificationImpl.groovy:130)&#13;
io.restassured.internal.ValidatableResponseOptionsImpl.statusCode(ValidatableResponseOptionsImpl.java:117)&#13;
com.bestbuyapi.productsinfo.ProductsCURDTestWithSteps.test04(ProductsCURDTestWithSteps.java:68)&#13;
</system-err></testcase></testsuite>